2019-08-27T21:28:20+00:00 CRITICAL Uncaught Error: Call to undefined function pickplugins_wl_get_wishlisted_items() in D:\OpenServer\OSPanel\domains\wp-clothes\wp-content\themes\leto\footer.php:77
Stack trace:
#0 D:\OpenServer\OSPanel\domains\wp-clothes\wp-includes\template.php(722): require_once()
#1 D:\OpenServer\OSPanel\domains\wp-clothes\wp-includes\template.php(671): load_template('D:\\OpenServer\\O...', true)
#2 D:\OpenServer\OSPanel\domains\wp-clothes\wp-includes\general-template.php(76): locate_template(Array, true)
#3 D:\OpenServer\OSPanel\domains\wp-clothes\wp-content\themes\leto\404.php(37): get_footer()
#4 D:\OpenServer\OSPanel\domains\wp-clothes\wp-includes\template-loader.php(78): include('D:\\OpenServer\\O...')
#5 D:\OpenServer\OSPanel\domains\wp-clothes\wp-blog-header.php(19): require_once('D:\\OpenServer\\O...')
#6 D:\OpenServer\OSPanel\domains\wp-clothes\index.php(17): require('D:\\OpenServer\\O...')
#7 {main}
  thrown в D:\OpenServer\OSPanel\domains\wp-clothes\wp-content\themes\leto\footer.php на строке 77

2019-08-27T21:28:22+00:00 CRITICAL Uncaught Error: Call to undefined function pickplugins_wl_get_wishlisted_items() in D:\OpenServer\OSPanel\domains\wp-clothes\wp-content\themes\leto\footer.php:77
Stack trace:
#0 D:\OpenServer\OSPanel\domains\wp-clothes\wp-includes\template.php(722): require_once()
#1 D:\OpenServer\OSPanel\domains\wp-clothes\wp-includes\template.php(671): load_template('D:\\OpenServer\\O...', true)
#2 D:\OpenServer\OSPanel\domains\wp-clothes\wp-includes\general-template.php(76): locate_template(Array, true)
#3 D:\OpenServer\OSPanel\domains\wp-clothes\wp-content\themes\leto\404.php(37): get_footer()
#4 D:\OpenServer\OSPanel\domains\wp-clothes\wp-includes\template-loader.php(78): include('D:\\OpenServer\\O...')
#5 D:\OpenServer\OSPanel\domains\wp-clothes\wp-blog-header.php(19): require_once('D:\\OpenServer\\O...')
#6 D:\OpenServer\OSPanel\domains\wp-clothes\index.php(17): require('D:\\OpenServer\\O...')
#7 {main}
  thrown в D:\OpenServer\OSPanel\domains\wp-clothes\wp-content\themes\leto\footer.php на строке 77

2019-08-27T21:28:31+00:00 CRITICAL Uncaught Error: Call to undefined function pickplugins_wl_get_wishlisted_items() in D:\OpenServer\OSPanel\domains\wp-clothes\wp-content\themes\leto\footer.php:77
Stack trace:
#0 D:\OpenServer\OSPanel\domains\wp-clothes\wp-includes\template.php(722): require_once()
#1 D:\OpenServer\OSPanel\domains\wp-clothes\wp-includes\template.php(671): load_template('D:\\OpenServer\\O...', true)
#2 D:\OpenServer\OSPanel\domains\wp-clothes\wp-includes\general-template.php(76): locate_template(Array, true)
#3 D:\OpenServer\OSPanel\domains\wp-clothes\wp-content\themes\leto\404.php(37): get_footer()
#4 D:\OpenServer\OSPanel\domains\wp-clothes\wp-includes\template-loader.php(78): include('D:\\OpenServer\\O...')
#5 D:\OpenServer\OSPanel\domains\wp-clothes\wp-blog-header.php(19): require_once('D:\\OpenServer\\O...')
#6 D:\OpenServer\OSPanel\domains\wp-clothes\index.php(17): require('D:\\OpenServer\\O...')
#7 {main}
  thrown в D:\OpenServer\OSPanel\domains\wp-clothes\wp-content\themes\leto\footer.php на строке 77

2019-08-27T21:28:33+00:00 CRITICAL Uncaught Error: Call to undefined function pickplugins_wl_get_wishlisted_items() in D:\OpenServer\OSPanel\domains\wp-clothes\wp-content\themes\leto\footer.php:77
Stack trace:
#0 D:\OpenServer\OSPanel\domains\wp-clothes\wp-includes\template.php(722): require_once()
#1 D:\OpenServer\OSPanel\domains\wp-clothes\wp-includes\template.php(671): load_template('D:\\OpenServer\\O...', true)
#2 D:\OpenServer\OSPanel\domains\wp-clothes\wp-includes\general-template.php(76): locate_template(Array, true)
#3 D:\OpenServer\OSPanel\domains\wp-clothes\wp-content\themes\leto\404.php(37): get_footer()
#4 D:\OpenServer\OSPanel\domains\wp-clothes\wp-includes\template-loader.php(78): include('D:\\OpenServer\\O...')
#5 D:\OpenServer\OSPanel\domains\wp-clothes\wp-blog-header.php(19): require_once('D:\\OpenServer\\O...')
#6 D:\OpenServer\OSPanel\domains\wp-clothes\index.php(17): require('D:\\OpenServer\\O...')
#7 {main}
  thrown в D:\OpenServer\OSPanel\domains\wp-clothes\wp-content\themes\leto\footer.php на строке 77

2019-08-27T21:28:34+00:00 CRITICAL Uncaught Error: Call to undefined function pickplugins_wl_get_wishlisted_items() in D:\OpenServer\OSPanel\domains\wp-clothes\wp-content\themes\leto\footer.php:77
Stack trace:
#0 D:\OpenServer\OSPanel\domains\wp-clothes\wp-includes\template.php(722): require_once()
#1 D:\OpenServer\OSPanel\domains\wp-clothes\wp-includes\template.php(671): load_template('D:\\OpenServer\\O...', true)
#2 D:\OpenServer\OSPanel\domains\wp-clothes\wp-includes\general-template.php(76): locate_template(Array, true)
#3 D:\OpenServer\OSPanel\domains\wp-clothes\wp-content\plugins\woocommerce\templates\single-product.php(58): get_footer('shop')
#4 D:\OpenServer\OSPanel\domains\wp-clothes\wp-includes\template-loader.php(78): include('D:\\OpenServer\\O...')
#5 D:\OpenServer\OSPanel\domains\wp-clothes\wp-blog-header.php(19): require_once('D:\\OpenServer\\O...')
#6 D:\OpenServer\OSPanel\domains\wp-clothes\index.php(17): require('D:\\OpenServer\\O...')
#7 {main}
  thrown в D:\OpenServer\OSPanel\domains\wp-clothes\wp-content\themes\leto\footer.php на строке 77

2019-08-27T21:28:36+00:00 CRITICAL Uncaught Error: Call to undefined function pickplugins_wl_get_wishlisted_items() in D:\OpenServer\OSPanel\domains\wp-clothes\wp-content\themes\leto\footer.php:77
Stack trace:
#0 D:\OpenServer\OSPanel\domains\wp-clothes\wp-includes\template.php(722): require_once()
#1 D:\OpenServer\OSPanel\domains\wp-clothes\wp-includes\template.php(671): load_template('D:\\OpenServer\\O...', true)
#2 D:\OpenServer\OSPanel\domains\wp-clothes\wp-includes\general-template.php(76): locate_template(Array, true)
#3 D:\OpenServer\OSPanel\domains\wp-clothes\wp-content\themes\leto\404.php(37): get_footer()
#4 D:\OpenServer\OSPanel\domains\wp-clothes\wp-includes\template-loader.php(78): include('D:\\OpenServer\\O...')
#5 D:\OpenServer\OSPanel\domains\wp-clothes\wp-blog-header.php(19): require_once('D:\\OpenServer\\O...')
#6 D:\OpenServer\OSPanel\domains\wp-clothes\index.php(17): require('D:\\OpenServer\\O...')
#7 {main}
  thrown в D:\OpenServer\OSPanel\domains\wp-clothes\wp-content\themes\leto\footer.php на строке 77

2019-08-27T21:28:36+00:00 CRITICAL Uncaught Error: Call to undefined function pickplugins_wl_get_wishlisted_items() in D:\OpenServer\OSPanel\domains\wp-clothes\wp-content\themes\leto\footer.php:77
Stack trace:
#0 D:\OpenServer\OSPanel\domains\wp-clothes\wp-includes\template.php(722): require_once()
#1 D:\OpenServer\OSPanel\domains\wp-clothes\wp-includes\template.php(671): load_template('D:\\OpenServer\\O...', true)
#2 D:\OpenServer\OSPanel\domains\wp-clothes\wp-includes\general-template.php(76): locate_template(Array, true)
#3 D:\OpenServer\OSPanel\domains\wp-clothes\wp-content\themes\leto\404.php(37): get_footer()
#4 D:\OpenServer\OSPanel\domains\wp-clothes\wp-includes\template-loader.php(78): include('D:\\OpenServer\\O...')
#5 D:\OpenServer\OSPanel\domains\wp-clothes\wp-blog-header.php(19): require_once('D:\\OpenServer\\O...')
#6 D:\OpenServer\OSPanel\domains\wp-clothes\index.php(17): require('D:\\OpenServer\\O...')
#7 {main}
  thrown в D:\OpenServer\OSPanel\domains\wp-clothes\wp-content\themes\leto\footer.php на строке 77

2019-08-27T21:28:37+00:00 CRITICAL Uncaught Error: Call to undefined function pickplugins_wl_get_wishlisted_items() in D:\OpenServer\OSPanel\domains\wp-clothes\wp-content\themes\leto\footer.php:77
Stack trace:
#0 D:\OpenServer\OSPanel\domains\wp-clothes\wp-includes\template.php(722): require_once()
#1 D:\OpenServer\OSPanel\domains\wp-clothes\wp-includes\template.php(671): load_template('D:\\OpenServer\\O...', true)
#2 D:\OpenServer\OSPanel\domains\wp-clothes\wp-includes\general-template.php(76): locate_template(Array, true)
#3 D:\OpenServer\OSPanel\domains\wp-clothes\wp-content\themes\leto\404.php(37): get_footer()
#4 D:\OpenServer\OSPanel\domains\wp-clothes\wp-includes\template-loader.php(78): include('D:\\OpenServer\\O...')
#5 D:\OpenServer\OSPanel\domains\wp-clothes\wp-blog-header.php(19): require_once('D:\\OpenServer\\O...')
#6 D:\OpenServer\OSPanel\domains\wp-clothes\index.php(17): require('D:\\OpenServer\\O...')
#7 {main}
  thrown в D:\OpenServer\OSPanel\domains\wp-clothes\wp-content\themes\leto\footer.php на строке 77

2019-08-27T21:28:38+00:00 CRITICAL Uncaught Error: Call to undefined function pickplugins_wl_get_wishlisted_items() in D:\OpenServer\OSPanel\domains\wp-clothes\wp-content\themes\leto\footer.php:77
Stack trace:
#0 D:\OpenServer\OSPanel\domains\wp-clothes\wp-includes\template.php(722): require_once()
#1 D:\OpenServer\OSPanel\domains\wp-clothes\wp-includes\template.php(671): load_template('D:\\OpenServer\\O...', true)
#2 D:\OpenServer\OSPanel\domains\wp-clothes\wp-includes\general-template.php(76): locate_template(Array, true)
#3 D:\OpenServer\OSPanel\domains\wp-clothes\wp-content\themes\leto\404.php(37): get_footer()
#4 D:\OpenServer\OSPanel\domains\wp-clothes\wp-includes\template-loader.php(78): include('D:\\OpenServer\\O...')
#5 D:\OpenServer\OSPanel\domains\wp-clothes\wp-blog-header.php(19): require_once('D:\\OpenServer\\O...')
#6 D:\OpenServer\OSPanel\domains\wp-clothes\index.php(17): require('D:\\OpenServer\\O...')
#7 {main}
  thrown в D:\OpenServer\OSPanel\domains\wp-clothes\wp-content\themes\leto\footer.php на строке 77

2019-08-27T21:40:55+00:00 CRITICAL Uncaught Error: Call to undefined function dump() in D:\OpenServer\OSPanel\domains\wp-clothes\wp-content\themes\leto\footer.php:58
Stack trace:
#0 D:\OpenServer\OSPanel\domains\wp-clothes\wp-includes\template.php(722): require_once()
#1 D:\OpenServer\OSPanel\domains\wp-clothes\wp-includes\template.php(671): load_template('D:\\OpenServer\\O...', true)
#2 D:\OpenServer\OSPanel\domains\wp-clothes\wp-includes\general-template.php(76): locate_template(Array, true)
#3 D:\OpenServer\OSPanel\domains\wp-clothes\wp-content\themes\leto\page.php(38): get_footer()
#4 D:\OpenServer\OSPanel\domains\wp-clothes\wp-includes\template-loader.php(78): include('D:\\OpenServer\\O...')
#5 D:\OpenServer\OSPanel\domains\wp-clothes\wp-blog-header.php(19): require_once('D:\\OpenServer\\O...')
#6 D:\OpenServer\OSPanel\domains\wp-clothes\index.php(17): require('D:\\OpenServer\\O...')
#7 {main}
  thrown в D:\OpenServer\OSPanel\domains\wp-clothes\wp-content\themes\leto\footer.php на строке 58

2019-08-27T21:40:56+00:00 CRITICAL Uncaught Error: Call to undefined function dump() in D:\OpenServer\OSPanel\domains\wp-clothes\wp-content\themes\leto\footer.php:58
Stack trace:
#0 D:\OpenServer\OSPanel\domains\wp-clothes\wp-includes\template.php(722): require_once()
#1 D:\OpenServer\OSPanel\domains\wp-clothes\wp-includes\template.php(671): load_template('D:\\OpenServer\\O...', true)
#2 D:\OpenServer\OSPanel\domains\wp-clothes\wp-includes\general-template.php(76): locate_template(Array, true)
#3 D:\OpenServer\OSPanel\domains\wp-clothes\wp-content\themes\leto\404.php(37): get_footer()
#4 D:\OpenServer\OSPanel\domains\wp-clothes\wp-includes\template-loader.php(78): include('D:\\OpenServer\\O...')
#5 D:\OpenServer\OSPanel\domains\wp-clothes\wp-blog-header.php(19): require_once('D:\\OpenServer\\O...')
#6 D:\OpenServer\OSPanel\domains\wp-clothes\index.php(17): require('D:\\OpenServer\\O...')
#7 {main}
  thrown в D:\OpenServer\OSPanel\domains\wp-clothes\wp-content\themes\leto\footer.php на строке 58

2019-08-27T21:40:56+00:00 CRITICAL Uncaught Error: Call to undefined function dump() in D:\OpenServer\OSPanel\domains\wp-clothes\wp-content\themes\leto\footer.php:58
Stack trace:
#0 D:\OpenServer\OSPanel\domains\wp-clothes\wp-includes\template.php(722): require_once()
#1 D:\OpenServer\OSPanel\domains\wp-clothes\wp-includes\template.php(671): load_template('D:\\OpenServer\\O...', true)
#2 D:\OpenServer\OSPanel\domains\wp-clothes\wp-includes\general-template.php(76): locate_template(Array, true)
#3 D:\OpenServer\OSPanel\domains\wp-clothes\wp-content\themes\leto\404.php(37): get_footer()
#4 D:\OpenServer\OSPanel\domains\wp-clothes\wp-includes\template-loader.php(78): include('D:\\OpenServer\\O...')
#5 D:\OpenServer\OSPanel\domains\wp-clothes\wp-blog-header.php(19): require_once('D:\\OpenServer\\O...')
#6 D:\OpenServer\OSPanel\domains\wp-clothes\index.php(17): require('D:\\OpenServer\\O...')
#7 {main}
  thrown в D:\OpenServer\OSPanel\domains\wp-clothes\wp-content\themes\leto\footer.php на строке 58

2019-08-27T21:40:57+00:00 CRITICAL Uncaught Error: Call to undefined function dump() in D:\OpenServer\OSPanel\domains\wp-clothes\wp-content\themes\leto\footer.php:58
Stack trace:
#0 D:\OpenServer\OSPanel\domains\wp-clothes\wp-includes\template.php(722): require_once()
#1 D:\OpenServer\OSPanel\domains\wp-clothes\wp-includes\template.php(671): load_template('D:\\OpenServer\\O...', true)
#2 D:\OpenServer\OSPanel\domains\wp-clothes\wp-includes\general-template.php(76): locate_template(Array, true)
#3 D:\OpenServer\OSPanel\domains\wp-clothes\wp-content\themes\leto\404.php(37): get_footer()
#4 D:\OpenServer\OSPanel\domains\wp-clothes\wp-includes\template-loader.php(78): include('D:\\OpenServer\\O...')
#5 D:\OpenServer\OSPanel\domains\wp-clothes\wp-blog-header.php(19): require_once('D:\\OpenServer\\O...')
#6 D:\OpenServer\OSPanel\domains\wp-clothes\index.php(17): require('D:\\OpenServer\\O...')
#7 {main}
  thrown в D:\OpenServer\OSPanel\domains\wp-clothes\wp-content\themes\leto\footer.php на строке 58

2019-08-27T21:40:57+00:00 CRITICAL Uncaught Error: Call to undefined function dump() in D:\OpenServer\OSPanel\domains\wp-clothes\wp-content\themes\leto\footer.php:58
Stack trace:
#0 D:\OpenServer\OSPanel\domains\wp-clothes\wp-includes\template.php(722): require_once()
#1 D:\OpenServer\OSPanel\domains\wp-clothes\wp-includes\template.php(671): load_template('D:\\OpenServer\\O...', true)
#2 D:\OpenServer\OSPanel\domains\wp-clothes\wp-includes\general-template.php(76): locate_template(Array, true)
#3 D:\OpenServer\OSPanel\domains\wp-clothes\wp-content\themes\leto\404.php(37): get_footer()
#4 D:\OpenServer\OSPanel\domains\wp-clothes\wp-includes\template-loader.php(78): include('D:\\OpenServer\\O...')
#5 D:\OpenServer\OSPanel\domains\wp-clothes\wp-blog-header.php(19): require_once('D:\\OpenServer\\O...')
#6 D:\OpenServer\OSPanel\domains\wp-clothes\index.php(17): require('D:\\OpenServer\\O...')
#7 {main}
  thrown в D:\OpenServer\OSPanel\domains\wp-clothes\wp-content\themes\leto\footer.php на строке 58

2019-08-27T21:41:04+00:00 CRITICAL Uncaught Error: Call to undefined function get_sharekey() in D:\OpenServer\OSPanel\domains\wp-clothes\wp-content\themes\leto\footer.php:58
Stack trace:
#0 D:\OpenServer\OSPanel\domains\wp-clothes\wp-includes\template.php(722): require_once()
#1 D:\OpenServer\OSPanel\domains\wp-clothes\wp-includes\template.php(671): load_template('D:\\OpenServer\\O...', true)
#2 D:\OpenServer\OSPanel\domains\wp-clothes\wp-includes\general-template.php(76): locate_template(Array, true)
#3 D:\OpenServer\OSPanel\domains\wp-clothes\wp-content\themes\leto\page.php(38): get_footer()
#4 D:\OpenServer\OSPanel\domains\wp-clothes\wp-includes\template-loader.php(78): include('D:\\OpenServer\\O...')
#5 D:\OpenServer\OSPanel\domains\wp-clothes\wp-blog-header.php(19): require_once('D:\\OpenServer\\O...')
#6 D:\OpenServer\OSPanel\domains\wp-clothes\index.php(17): require('D:\\OpenServer\\O...')
#7 {main}
  thrown в D:\OpenServer\OSPanel\domains\wp-clothes\wp-content\themes\leto\footer.php на строке 58

2019-08-27T21:41:06+00:00 CRITICAL Uncaught Error: Call to undefined function get_sharekey() in D:\OpenServer\OSPanel\domains\wp-clothes\wp-content\themes\leto\footer.php:58
Stack trace:
#0 D:\OpenServer\OSPanel\domains\wp-clothes\wp-includes\template.php(722): require_once()
#1 D:\OpenServer\OSPanel\domains\wp-clothes\wp-includes\template.php(671): load_template('D:\\OpenServer\\O...', true)
#2 D:\OpenServer\OSPanel\domains\wp-clothes\wp-includes\general-template.php(76): locate_template(Array, true)
#3 D:\OpenServer\OSPanel\domains\wp-clothes\wp-content\themes\leto\404.php(37): get_footer()
#4 D:\OpenServer\OSPanel\domains\wp-clothes\wp-includes\template-loader.php(78): include('D:\\OpenServer\\O...')
#5 D:\OpenServer\OSPanel\domains\wp-clothes\wp-blog-header.php(19): require_once('D:\\OpenServer\\O...')
#6 D:\OpenServer\OSPanel\domains\wp-clothes\index.php(17): require('D:\\OpenServer\\O...')
#7 {main}
  thrown в D:\OpenServer\OSPanel\domains\wp-clothes\wp-content\themes\leto\footer.php на строке 58

2019-08-27T21:41:06+00:00 CRITICAL Uncaught Error: Call to undefined function get_sharekey() in D:\OpenServer\OSPanel\domains\wp-clothes\wp-content\themes\leto\footer.php:58
Stack trace:
#0 D:\OpenServer\OSPanel\domains\wp-clothes\wp-includes\template.php(722): require_once()
#1 D:\OpenServer\OSPanel\domains\wp-clothes\wp-includes\template.php(671): load_template('D:\\OpenServer\\O...', true)
#2 D:\OpenServer\OSPanel\domains\wp-clothes\wp-includes\general-template.php(76): locate_template(Array, true)
#3 D:\OpenServer\OSPanel\domains\wp-clothes\wp-content\themes\leto\404.php(37): get_footer()
#4 D:\OpenServer\OSPanel\domains\wp-clothes\wp-includes\template-loader.php(78): include('D:\\OpenServer\\O...')
#5 D:\OpenServer\OSPanel\domains\wp-clothes\wp-blog-header.php(19): require_once('D:\\OpenServer\\O...')
#6 D:\OpenServer\OSPanel\domains\wp-clothes\index.php(17): require('D:\\OpenServer\\O...')
#7 {main}
  thrown в D:\OpenServer\OSPanel\domains\wp-clothes\wp-content\themes\leto\footer.php на строке 58

2019-08-27T21:41:07+00:00 CRITICAL Uncaught Error: Call to undefined function get_sharekey() in D:\OpenServer\OSPanel\domains\wp-clothes\wp-content\themes\leto\footer.php:58
Stack trace:
#0 D:\OpenServer\OSPanel\domains\wp-clothes\wp-includes\template.php(722): require_once()
#1 D:\OpenServer\OSPanel\domains\wp-clothes\wp-includes\template.php(671): load_template('D:\\OpenServer\\O...', true)
#2 D:\OpenServer\OSPanel\domains\wp-clothes\wp-includes\general-template.php(76): locate_template(Array, true)
#3 D:\OpenServer\OSPanel\domains\wp-clothes\wp-content\themes\leto\404.php(37): get_footer()
#4 D:\OpenServer\OSPanel\domains\wp-clothes\wp-includes\template-loader.php(78): include('D:\\OpenServer\\O...')
#5 D:\OpenServer\OSPanel\domains\wp-clothes\wp-blog-header.php(19): require_once('D:\\OpenServer\\O...')
#6 D:\OpenServer\OSPanel\domains\wp-clothes\index.php(17): require('D:\\OpenServer\\O...')
#7 {main}
  thrown в D:\OpenServer\OSPanel\domains\wp-clothes\wp-content\themes\leto\footer.php на строке 58

2019-08-27T21:41:07+00:00 CRITICAL Uncaught Error: Call to undefined function get_sharekey() in D:\OpenServer\OSPanel\domains\wp-clothes\wp-content\themes\leto\footer.php:58
Stack trace:
#0 D:\OpenServer\OSPanel\domains\wp-clothes\wp-includes\template.php(722): require_once()
#1 D:\OpenServer\OSPanel\domains\wp-clothes\wp-includes\template.php(671): load_template('D:\\OpenServer\\O...', true)
#2 D:\OpenServer\OSPanel\domains\wp-clothes\wp-includes\general-template.php(76): locate_template(Array, true)
#3 D:\OpenServer\OSPanel\domains\wp-clothes\wp-content\themes\leto\404.php(37): get_footer()
#4 D:\OpenServer\OSPanel\domains\wp-clothes\wp-includes\template-loader.php(78): include('D:\\OpenServer\\O...')
#5 D:\OpenServer\OSPanel\domains\wp-clothes\wp-blog-header.php(19): require_once('D:\\OpenServer\\O...')
#6 D:\OpenServer\OSPanel\domains\wp-clothes\index.php(17): require('D:\\OpenServer\\O...')
#7 {main}
  thrown в D:\OpenServer\OSPanel\domains\wp-clothes\wp-content\themes\leto\footer.php на строке 58

2019-08-27T21:41:09+00:00 CRITICAL Uncaught Error: Call to undefined function get_sharekey() in D:\OpenServer\OSPanel\domains\wp-clothes\wp-content\themes\leto\footer.php:58
Stack trace:
#0 D:\OpenServer\OSPanel\domains\wp-clothes\wp-includes\template.php(722): require_once()
#1 D:\OpenServer\OSPanel\domains\wp-clothes\wp-includes\template.php(671): load_template('D:\\OpenServer\\O...', true)
#2 D:\OpenServer\OSPanel\domains\wp-clothes\wp-includes\general-template.php(76): locate_template(Array, true)
#3 D:\OpenServer\OSPanel\domains\wp-clothes\wp-content\themes\leto\page.php(38): get_footer()
#4 D:\OpenServer\OSPanel\domains\wp-clothes\wp-includes\template-loader.php(78): include('D:\\OpenServer\\O...')
#5 D:\OpenServer\OSPanel\domains\wp-clothes\wp-blog-header.php(19): require_once('D:\\OpenServer\\O...')
#6 D:\OpenServer\OSPanel\domains\wp-clothes\index.php(17): require('D:\\OpenServer\\O...')
#7 {main}
  thrown в D:\OpenServer\OSPanel\domains\wp-clothes\wp-content\themes\leto\footer.php на строке 58

2019-08-27T21:41:10+00:00 CRITICAL Uncaught Error: Call to undefined function get_sharekey() in D:\OpenServer\OSPanel\domains\wp-clothes\wp-content\themes\leto\footer.php:58
Stack trace:
#0 D:\OpenServer\OSPanel\domains\wp-clothes\wp-includes\template.php(722): require_once()
#1 D:\OpenServer\OSPanel\domains\wp-clothes\wp-includes\template.php(671): load_template('D:\\OpenServer\\O...', true)
#2 D:\OpenServer\OSPanel\domains\wp-clothes\wp-includes\general-template.php(76): locate_template(Array, true)
#3 D:\OpenServer\OSPanel\domains\wp-clothes\wp-content\themes\leto\404.php(37): get_footer()
#4 D:\OpenServer\OSPanel\domains\wp-clothes\wp-includes\template-loader.php(78): include('D:\\OpenServer\\O...')
#5 D:\OpenServer\OSPanel\domains\wp-clothes\wp-blog-header.php(19): require_once('D:\\OpenServer\\O...')
#6 D:\OpenServer\OSPanel\domains\wp-clothes\index.php(17): require('D:\\OpenServer\\O...')
#7 {main}
  thrown в D:\OpenServer\OSPanel\domains\wp-clothes\wp-content\themes\leto\footer.php на строке 58

2019-08-27T21:41:10+00:00 CRITICAL Uncaught Error: Call to undefined function get_sharekey() in D:\OpenServer\OSPanel\domains\wp-clothes\wp-content\themes\leto\footer.php:58
Stack trace:
#0 D:\OpenServer\OSPanel\domains\wp-clothes\wp-includes\template.php(722): require_once()
#1 D:\OpenServer\OSPanel\domains\wp-clothes\wp-includes\template.php(671): load_template('D:\\OpenServer\\O...', true)
#2 D:\OpenServer\OSPanel\domains\wp-clothes\wp-includes\general-template.php(76): locate_template(Array, true)
#3 D:\OpenServer\OSPanel\domains\wp-clothes\wp-content\themes\leto\404.php(37): get_footer()
#4 D:\OpenServer\OSPanel\domains\wp-clothes\wp-includes\template-loader.php(78): include('D:\\OpenServer\\O...')
#5 D:\OpenServer\OSPanel\domains\wp-clothes\wp-blog-header.php(19): require_once('D:\\OpenServer\\O...')
#6 D:\OpenServer\OSPanel\domains\wp-clothes\index.php(17): require('D:\\OpenServer\\O...')
#7 {main}
  thrown в D:\OpenServer\OSPanel\domains\wp-clothes\wp-content\themes\leto\footer.php на строке 58

2019-08-27T21:41:12+00:00 CRITICAL Uncaught Error: Call to undefined function get_sharekey() in D:\OpenServer\OSPanel\domains\wp-clothes\wp-content\themes\leto\footer.php:58
Stack trace:
#0 D:\OpenServer\OSPanel\domains\wp-clothes\wp-includes\template.php(722): require_once()
#1 D:\OpenServer\OSPanel\domains\wp-clothes\wp-includes\template.php(671): load_template('D:\\OpenServer\\O...', true)
#2 D:\OpenServer\OSPanel\domains\wp-clothes\wp-includes\general-template.php(76): locate_template(Array, true)
#3 D:\OpenServer\OSPanel\domains\wp-clothes\wp-content\themes\leto\404.php(37): get_footer()
#4 D:\OpenServer\OSPanel\domains\wp-clothes\wp-includes\template-loader.php(78): include('D:\\OpenServer\\O...')
#5 D:\OpenServer\OSPanel\domains\wp-clothes\wp-blog-header.php(19): require_once('D:\\OpenServer\\O...')
#6 D:\OpenServer\OSPanel\domains\wp-clothes\index.php(17): require('D:\\OpenServer\\O...')
#7 {main}
  thrown в D:\OpenServer\OSPanel\domains\wp-clothes\wp-content\themes\leto\footer.php на строке 58

2019-08-27T21:41:12+00:00 CRITICAL Uncaught Error: Call to undefined function get_sharekey() in D:\OpenServer\OSPanel\domains\wp-clothes\wp-content\themes\leto\footer.php:58
Stack trace:
#0 D:\OpenServer\OSPanel\domains\wp-clothes\wp-includes\template.php(722): require_once()
#1 D:\OpenServer\OSPanel\domains\wp-clothes\wp-includes\template.php(671): load_template('D:\\OpenServer\\O...', true)
#2 D:\OpenServer\OSPanel\domains\wp-clothes\wp-includes\general-template.php(76): locate_template(Array, true)
#3 D:\OpenServer\OSPanel\domains\wp-clothes\wp-content\themes\leto\404.php(37): get_footer()
#4 D:\OpenServer\OSPanel\domains\wp-clothes\wp-includes\template-loader.php(78): include('D:\\OpenServer\\O...')
#5 D:\OpenServer\OSPanel\domains\wp-clothes\wp-blog-header.php(19): require_once('D:\\OpenServer\\O...')
#6 D:\OpenServer\OSPanel\domains\wp-clothes\index.php(17): require('D:\\OpenServer\\O...')
#7 {main}
  thrown в D:\OpenServer\OSPanel\domains\wp-clothes\wp-content\themes\leto\footer.php на строке 58

